[INFO ][20-10-02 01:27:13][com.by.test.BingTest][info]: 测试查找所有用户的方法-------开始
[DEBUG][20-10-02 01:27:14][org.apache.ibatis.logging.LogFactory]Logging initialized using 'class org.apache.ibatis.logging.log4j.Log4jImpl' adapter.
[DEBUG][20-10-02 01:27:14][org.apache.ibatis.logging.LogFactory]Logging initialized using 'class org.apache.ibatis.logging.log4j.Log4jImpl' adapter.
[DEBUG][20-10-02 01:27:14][org.apache.ibatis.datasource.pooled.PooledDataSource]PooledDataSource forcefully closed/removed all connections.
[DEBUG][20-10-02 01:27:14][org.apache.ibatis.datasource.pooled.PooledDataSource]PooledDataSource forcefully closed/removed all connections.
[DEBUG][20-10-02 01:27:14][org.apache.ibatis.datasource.pooled.PooledDataSource]PooledDataSource forcefully closed/removed all connections.
[DEBUG][20-10-02 01:27:14][org.apache.ibatis.datasource.pooled.PooledDataSource]PooledDataSource forcefully closed/removed all connections.
[DEBUG][20-10-02 01:27:14][org.apache.ibatis.transaction.jdbc.JdbcTransaction]Opening JDBC Connection
[DEBUG][20-10-02 01:27:17][org.apache.ibatis.datasource.pooled.PooledDataSource]Created connection 2141817446.
[DEBUG][20-10-02 01:27:17][org.apache.ibatis.transaction.jdbc.JdbcTransaction]Setting autocommit to false on JDBC Connection [com.mysql.jdbc.JDBC4Connection@7fa98a66]
[DEBUG][20-10-02 01:27:17][com.by.dao.UserDao.getUserList]==>  Preparing: select * from user 
[DEBUG][20-10-02 01:27:17][com.by.dao.UserDao.getUserList]==> Parameters: 
[DEBUG][20-10-02 01:27:17][com.by.dao.UserDao.getUserList]<==      Total: 8
[DEBUG][20-10-02 01:27:17][org.apache.ibatis.transaction.jdbc.JdbcTransaction]Resetting autocommit to true on JDBC Connection [com.mysql.jdbc.JDBC4Connection@7fa98a66]
[DEBUG][20-10-02 01:27:17][org.apache.ibatis.transaction.jdbc.JdbcTransaction]Closing JDBC Connection [com.mysql.jdbc.JDBC4Connection@7fa98a66]
[DEBUG][20-10-02 01:27:17][org.apache.ibatis.datasource.pooled.PooledDataSource]Returned connection 2141817446 to pool.
[INFO ][20-10-02 01:27:17][com.by.test.BingTest][info]: 测试查找所有用户的方法-------结束
[ERROR][20-10-02 01:30:16][com.by.test.BingTest][info]: 测试查找所有用户的方法-------开始
[DEBUG][20-10-02 01:30:16][org.apache.ibatis.logging.LogFactory]Logging initialized using 'class org.apache.ibatis.logging.log4j.Log4jImpl' adapter.
[DEBUG][20-10-02 01:30:16][org.apache.ibatis.logging.LogFactory]Logging initialized using 'class org.apache.ibatis.logging.log4j.Log4jImpl' adapter.
[DEBUG][20-10-02 01:30:16][org.apache.ibatis.datasource.pooled.PooledDataSource]PooledDataSource forcefully closed/removed all connections.
[DEBUG][20-10-02 01:30:16][org.apache.ibatis.datasource.pooled.PooledDataSource]PooledDataSource forcefully closed/removed all connections.
[DEBUG][20-10-02 01:30:16][org.apache.ibatis.datasource.pooled.PooledDataSource]PooledDataSource forcefully closed/removed all connections.
[DEBUG][20-10-02 01:30:16][org.apache.ibatis.datasource.pooled.PooledDataSource]PooledDataSource forcefully closed/removed all connections.
[DEBUG][20-10-02 01:30:17][org.apache.ibatis.transaction.jdbc.JdbcTransaction]Opening JDBC Connection
[DEBUG][20-10-02 01:30:20][org.apache.ibatis.datasource.pooled.PooledDataSource]Created connection 2141817446.
[DEBUG][20-10-02 01:30:20][org.apache.ibatis.transaction.jdbc.JdbcTransaction]Setting autocommit to false on JDBC Connection [com.mysql.jdbc.JDBC4Connection@7fa98a66]
[DEBUG][20-10-02 01:30:20][com.by.dao.UserDao.getUserList]==>  Preparing: select * from user 
[DEBUG][20-10-02 01:30:20][com.by.dao.UserDao.getUserList]==> Parameters: 
[DEBUG][20-10-02 01:30:20][com.by.dao.UserDao.getUserList]<==      Total: 8
[DEBUG][20-10-02 01:30:20][org.apache.ibatis.transaction.jdbc.JdbcTransaction]Resetting autocommit to true on JDBC Connection [com.mysql.jdbc.JDBC4Connection@7fa98a66]
[DEBUG][20-10-02 01:30:20][org.apache.ibatis.transaction.jdbc.JdbcTransaction]Closing JDBC Connection [com.mysql.jdbc.JDBC4Connection@7fa98a66]
[DEBUG][20-10-02 01:30:20][org.apache.ibatis.datasource.pooled.PooledDataSource]Returned connection 2141817446 to pool.
[INFO ][20-10-02 01:30:20][com.by.test.BingTest][info]: 测试查找所有用户的方法-------结束
[DEBUG][20-10-02 01:45:25][org.apache.ibatis.logging.LogFactory]Logging initialized using 'class org.apache.ibatis.logging.log4j.Log4jImpl' adapter.
[DEBUG][20-10-02 01:45:25][org.apache.ibatis.logging.LogFactory]Logging initialized using 'class org.apache.ibatis.logging.log4j.Log4jImpl' adapter.
[DEBUG][20-10-02 01:45:25][org.apache.ibatis.datasource.pooled.PooledDataSource]PooledDataSource forcefully closed/removed all connections.
[DEBUG][20-10-02 01:45:25][org.apache.ibatis.datasource.pooled.PooledDataSource]PooledDataSource forcefully closed/removed all connections.
[DEBUG][20-10-02 01:45:25][org.apache.ibatis.datasource.pooled.PooledDataSource]PooledDataSource forcefully closed/removed all connections.
[DEBUG][20-10-02 01:45:25][org.apache.ibatis.datasource.pooled.PooledDataSource]PooledDataSource forcefully closed/removed all connections.
[DEBUG][20-10-02 01:45:25][org.apache.ibatis.transaction.jdbc.JdbcTransaction]Opening JDBC Connection
[DEBUG][20-10-02 01:45:29][org.apache.ibatis.datasource.pooled.PooledDataSource]Created connection 2087885397.
[DEBUG][20-10-02 01:45:29][org.apache.ibatis.transaction.jdbc.JdbcTransaction]Setting autocommit to false on JDBC Connection [com.mysql.jdbc.JDBC4Connection@7c729a55]
[DEBUG][20-10-02 01:45:29][com.by.dao.UserDao.selectUserPage]==>  Preparing: select * from user limit startIndex, pageSize 
[DEBUG][20-10-02 01:45:29][com.by.dao.UserDao.selectUserPage]==> Parameters: 
[DEBUG][20-10-02 01:46:02][org.apache.ibatis.logging.LogFactory]Logging initialized using 'class org.apache.ibatis.logging.log4j.Log4jImpl' adapter.
[DEBUG][20-10-02 01:46:02][org.apache.ibatis.logging.LogFactory]Logging initialized using 'class org.apache.ibatis.logging.log4j.Log4jImpl' adapter.
[DEBUG][20-10-02 01:46:02][org.apache.ibatis.datasource.pooled.PooledDataSource]PooledDataSource forcefully closed/removed all connections.
[DEBUG][20-10-02 01:46:02][org.apache.ibatis.datasource.pooled.PooledDataSource]PooledDataSource forcefully closed/removed all connections.
[DEBUG][20-10-02 01:46:02][org.apache.ibatis.datasource.pooled.PooledDataSource]PooledDataSource forcefully closed/removed all connections.
[DEBUG][20-10-02 01:46:02][org.apache.ibatis.datasource.pooled.PooledDataSource]PooledDataSource forcefully closed/removed all connections.
[DEBUG][20-10-02 01:46:02][org.apache.ibatis.transaction.jdbc.JdbcTransaction]Opening JDBC Connection
[DEBUG][20-10-02 01:46:06][org.apache.ibatis.datasource.pooled.PooledDataSource]Created connection 1712943792.
[DEBUG][20-10-02 01:46:06][org.apache.ibatis.transaction.jdbc.JdbcTransaction]Setting autocommit to false on JDBC Connection [com.mysql.jdbc.JDBC4Connection@661972b0]
[DEBUG][20-10-02 01:46:06][com.by.dao.UserDao.selectUserPage]==>  Preparing: select * from user limit ?, ? 
[DEBUG][20-10-02 01:46:06][com.by.dao.UserDao.selectUserPage]==> Parameters: 1(Integer), 3(String)
[DEBUG][20-10-02 01:46:33][org.apache.ibatis.logging.LogFactory]Logging initialized using 'class org.apache.ibatis.logging.log4j.Log4jImpl' adapter.
[DEBUG][20-10-02 01:46:33][org.apache.ibatis.logging.LogFactory]Logging initialized using 'class org.apache.ibatis.logging.log4j.Log4jImpl' adapter.
[DEBUG][20-10-02 01:46:33][org.apache.ibatis.datasource.pooled.PooledDataSource]PooledDataSource forcefully closed/removed all connections.
[DEBUG][20-10-02 01:46:33][org.apache.ibatis.datasource.pooled.PooledDataSource]PooledDataSource forcefully closed/removed all connections.
[DEBUG][20-10-02 01:46:33][org.apache.ibatis.datasource.pooled.PooledDataSource]PooledDataSource forcefully closed/removed all connections.
[DEBUG][20-10-02 01:46:33][org.apache.ibatis.datasource.pooled.PooledDataSource]PooledDataSource forcefully closed/removed all connections.
[DEBUG][20-10-02 01:46:33][org.apache.ibatis.transaction.jdbc.JdbcTransaction]Opening JDBC Connection
[DEBUG][20-10-02 01:46:37][org.apache.ibatis.datasource.pooled.PooledDataSource]Created connection 1712943792.
[DEBUG][20-10-02 01:46:37][org.apache.ibatis.transaction.jdbc.JdbcTransaction]Setting autocommit to false on JDBC Connection [com.mysql.jdbc.JDBC4Connection@661972b0]
[DEBUG][20-10-02 01:46:37][com.by.dao.UserDao.selectUserPage]==>  Preparing: select * from user limit ?, ? 
[DEBUG][20-10-02 01:46:37][com.by.dao.UserDao.selectUserPage]==> Parameters: 1(Integer), 3(Integer)
[DEBUG][20-10-02 01:46:37][com.by.dao.UserDao.selectUserPage]<==      Total: 3
[DEBUG][20-10-02 01:47:36][org.apache.ibatis.logging.LogFactory]Logging initialized using 'class org.apache.ibatis.logging.log4j.Log4jImpl' adapter.
[DEBUG][20-10-02 01:47:36][org.apache.ibatis.logging.LogFactory]Logging initialized using 'class org.apache.ibatis.logging.log4j.Log4jImpl' adapter.
[DEBUG][20-10-02 01:47:36][org.apache.ibatis.datasource.pooled.PooledDataSource]PooledDataSource forcefully closed/removed all connections.
[DEBUG][20-10-02 01:47:36][org.apache.ibatis.datasource.pooled.PooledDataSource]PooledDataSource forcefully closed/removed all connections.
[DEBUG][20-10-02 01:47:36][org.apache.ibatis.datasource.pooled.PooledDataSource]PooledDataSource forcefully closed/removed all connections.
[DEBUG][20-10-02 01:47:36][org.apache.ibatis.datasource.pooled.PooledDataSource]PooledDataSource forcefully closed/removed all connections.
[DEBUG][20-10-02 01:47:36][org.apache.ibatis.transaction.jdbc.JdbcTransaction]Opening JDBC Connection
[DEBUG][20-10-02 01:47:39][org.apache.ibatis.datasource.pooled.PooledDataSource]Created connection 1712943792.
[DEBUG][20-10-02 01:47:39][org.apache.ibatis.transaction.jdbc.JdbcTransaction]Setting autocommit to false on JDBC Connection [com.mysql.jdbc.JDBC4Connection@661972b0]
[DEBUG][20-10-02 01:47:39][com.by.dao.UserDao.selectUserPage]==>  Preparing: select * from user limit ?, ? 
[DEBUG][20-10-02 01:47:40][com.by.dao.UserDao.selectUserPage]==> Parameters: 1(Integer), 3(Integer)
[DEBUG][20-10-02 01:47:40][com.by.dao.UserDao.selectUserPage]<==      Total: 3
[DEBUG][20-10-02 01:47:40][org.apache.ibatis.transaction.jdbc.JdbcTransaction]Resetting autocommit to true on JDBC Connection [com.mysql.jdbc.JDBC4Connection@661972b0]
[DEBUG][20-10-02 01:47:40][org.apache.ibatis.transaction.jdbc.JdbcTransaction]Closing JDBC Connection [com.mysql.jdbc.JDBC4Connection@661972b0]
[DEBUG][20-10-02 01:47:40][org.apache.ibatis.datasource.pooled.PooledDataSource]Returned connection 1712943792 to pool.
[INFO ][20-10-02 01:50:45][com.by.test.BingTest]开始测试分页查询
[INFO ][20-10-02 01:50:45][com.by.test.BingTest]通过工具类 MybatisUtils 获取 sqlSession
[DEBUG][20-10-02 01:50:45][org.apache.ibatis.logging.LogFactory]Logging initialized using 'class org.apache.ibatis.logging.log4j.Log4jImpl' adapter.
[DEBUG][20-10-02 01:50:45][org.apache.ibatis.logging.LogFactory]Logging initialized using 'class org.apache.ibatis.logging.log4j.Log4jImpl' adapter.
[DEBUG][20-10-02 01:50:45][org.apache.ibatis.datasource.pooled.PooledDataSource]PooledDataSource forcefully closed/removed all connections.
[DEBUG][20-10-02 01:50:45][org.apache.ibatis.datasource.pooled.PooledDataSource]PooledDataSource forcefully closed/removed all connections.
[DEBUG][20-10-02 01:50:45][org.apache.ibatis.datasource.pooled.PooledDataSource]PooledDataSource forcefully closed/removed all connections.
[DEBUG][20-10-02 01:50:45][org.apache.ibatis.datasource.pooled.PooledDataSource]PooledDataSource forcefully closed/removed all connections.
[INFO ][20-10-02 01:50:45][com.by.test.BingTest]得到 userMapper
[INFO ][20-10-02 01:50:45][com.by.test.BingTest]封装分页查询的相关参数， startIndex=1， pageSize=3
[INFO ][20-10-02 01:50:45][com.by.test.BingTest]开始执行分页查询
[DEBUG][20-10-02 01:50:45][org.apache.ibatis.transaction.jdbc.JdbcTransaction]Opening JDBC Connection
[DEBUG][20-10-02 01:50:48][org.apache.ibatis.datasource.pooled.PooledDataSource]Created connection 1712943792.
[DEBUG][20-10-02 01:50:48][org.apache.ibatis.transaction.jdbc.JdbcTransaction]Setting autocommit to false on JDBC Connection [com.mysql.jdbc.JDBC4Connection@661972b0]
[DEBUG][20-10-02 01:50:48][com.by.dao.UserDao.selectUserPage]==>  Preparing: select * from user limit ?, ? 
[DEBUG][20-10-02 01:50:49][com.by.dao.UserDao.selectUserPage]==> Parameters: 1(Integer), 3(Integer)
[DEBUG][20-10-02 01:50:49][com.by.dao.UserDao.selectUserPage]<==      Total: 3
[INFO ][20-10-02 01:50:49][com.by.test.BingTest]查询结果如下：
[INFO ][20-10-02 01:50:49][com.by.test.BingTest]User(id=3, name=王五, password=123)
[INFO ][20-10-02 01:50:49][com.by.test.BingTest]User(id=5, name=Bob, password=123123123)
[INFO ][20-10-02 01:50:49][com.by.test.BingTest]User(id=123, name=Bob, password=123123123)
[INFO ][20-10-02 01:50:49][com.by.test.BingTest]查询任务完毕，关闭sqlSession
[DEBUG][20-10-02 01:50:49][org.apache.ibatis.transaction.jdbc.JdbcTransaction]Resetting autocommit to true on JDBC Connection [com.mysql.jdbc.JDBC4Connection@661972b0]
[DEBUG][20-10-02 01:50:49][org.apache.ibatis.transaction.jdbc.JdbcTransaction]Closing JDBC Connection [com.mysql.jdbc.JDBC4Connection@661972b0]
[DEBUG][20-10-02 01:50:49][org.apache.ibatis.datasource.pooled.PooledDataSource]Returned connection 1712943792 to pool.
[INFO ][20-10-02 01:51:18][com.by.test.BingTest]# 开始测试分页查询
[INFO ][20-10-02 01:51:18][com.by.test.BingTest]# 通过工具类 MybatisUtils 获取 sqlSession
[DEBUG][20-10-02 01:51:18][org.apache.ibatis.logging.LogFactory]# Logging initialized using 'class org.apache.ibatis.logging.log4j.Log4jImpl' adapter.
[DEBUG][20-10-02 01:51:18][org.apache.ibatis.logging.LogFactory]# Logging initialized using 'class org.apache.ibatis.logging.log4j.Log4jImpl' adapter.
[DEBUG][20-10-02 01:51:18][org.apache.ibatis.datasource.pooled.PooledDataSource]# PooledDataSource forcefully closed/removed all connections.
[DEBUG][20-10-02 01:51:18][org.apache.ibatis.datasource.pooled.PooledDataSource]# PooledDataSource forcefully closed/removed all connections.
[DEBUG][20-10-02 01:51:18][org.apache.ibatis.datasource.pooled.PooledDataSource]# PooledDataSource forcefully closed/removed all connections.
[DEBUG][20-10-02 01:51:18][org.apache.ibatis.datasource.pooled.PooledDataSource]# PooledDataSource forcefully closed/removed all connections.
[INFO ][20-10-02 01:51:18][com.by.test.BingTest]# 得到 userMapper
[INFO ][20-10-02 01:51:18][com.by.test.BingTest]# 封装分页查询的相关参数， startIndex=1， pageSize=3
[INFO ][20-10-02 01:51:18][com.by.test.BingTest]# 开始执行分页查询
[DEBUG][20-10-02 01:51:18][org.apache.ibatis.transaction.jdbc.JdbcTransaction]# Opening JDBC Connection
[DEBUG][20-10-02 01:51:21][org.apache.ibatis.datasource.pooled.PooledDataSource]# Created connection 1712943792.
[DEBUG][20-10-02 01:51:21][org.apache.ibatis.transaction.jdbc.JdbcTransaction]# Setting autocommit to false on JDBC Connection [com.mysql.jdbc.JDBC4Connection@661972b0]
[DEBUG][20-10-02 01:51:21][com.by.dao.UserDao.selectUserPage]# ==>  Preparing: select * from user limit ?, ? 
[DEBUG][20-10-02 01:51:21][com.by.dao.UserDao.selectUserPage]# ==> Parameters: 1(Integer), 3(Integer)
[DEBUG][20-10-02 01:51:22][com.by.dao.UserDao.selectUserPage]# <==      Total: 3
[INFO ][20-10-02 01:51:22][com.by.test.BingTest]# 查询结果如下：
[INFO ][20-10-02 01:51:22][com.by.test.BingTest]# User(id=3, name=王五, password=123)
[INFO ][20-10-02 01:51:22][com.by.test.BingTest]# User(id=5, name=Bob, password=123123123)
[INFO ][20-10-02 01:51:22][com.by.test.BingTest]# User(id=123, name=Bob, password=123123123)
[INFO ][20-10-02 01:51:22][com.by.test.BingTest]# 查询任务完毕，关闭sqlSession
[DEBUG][20-10-02 01:51:22][org.apache.ibatis.transaction.jdbc.JdbcTransaction]# Resetting autocommit to true on JDBC Connection [com.mysql.jdbc.JDBC4Connection@661972b0]
[DEBUG][20-10-02 01:51:22][org.apache.ibatis.transaction.jdbc.JdbcTransaction]# Closing JDBC Connection [com.mysql.jdbc.JDBC4Connection@661972b0]
[DEBUG][20-10-02 01:51:22][org.apache.ibatis.datasource.pooled.PooledDataSource]# Returned connection 1712943792 to pool.
[DEBUG][20-10-02 02:02:22][org.apache.ibatis.logging.LogFactory]# Logging initialized using 'class org.apache.ibatis.logging.log4j.Log4jImpl' adapter.
[DEBUG][20-10-02 02:02:22][org.apache.ibatis.logging.LogFactory]# Logging initialized using 'class org.apache.ibatis.logging.log4j.Log4jImpl' adapter.
[DEBUG][20-10-02 02:02:22][org.apache.ibatis.datasource.pooled.PooledDataSource]# PooledDataSource forcefully closed/removed all connections.
[DEBUG][20-10-02 02:02:22][org.apache.ibatis.datasource.pooled.PooledDataSource]# PooledDataSource forcefully closed/removed all connections.
[DEBUG][20-10-02 02:02:22][org.apache.ibatis.datasource.pooled.PooledDataSource]# PooledDataSource forcefully closed/removed all connections.
[DEBUG][20-10-02 02:02:22][org.apache.ibatis.datasource.pooled.PooledDataSource]# PooledDataSource forcefully closed/removed all connections.
[DEBUG][20-10-02 02:02:22][org.apache.ibatis.transaction.jdbc.JdbcTransaction]# Opening JDBC Connection
[DEBUG][20-10-02 02:02:25][org.apache.ibatis.datasource.pooled.PooledDataSource]# Created connection 1509791656.
[DEBUG][20-10-02 02:02:25][org.apache.ibatis.transaction.jdbc.JdbcTransaction]# Setting autocommit to false on JDBC Connection [com.mysql.jdbc.JDBC4Connection@59fd97a8]
[DEBUG][20-10-02 02:02:25][com.by.dao.UserDao.selectUserPageByRowBounds]# ==>  Preparing: 
[DEBUG][20-10-02 02:02:25][com.by.dao.UserDao.selectUserPageByRowBounds]# ==> Parameters: 
[DEBUG][20-10-02 02:02:51][org.apache.ibatis.logging.LogFactory]# Logging initialized using 'class org.apache.ibatis.logging.log4j.Log4jImpl' adapter.
[DEBUG][20-10-02 02:02:51][org.apache.ibatis.logging.LogFactory]# Logging initialized using 'class org.apache.ibatis.logging.log4j.Log4jImpl' adapter.
[DEBUG][20-10-02 02:02:51][org.apache.ibatis.datasource.pooled.PooledDataSource]# PooledDataSource forcefully closed/removed all connections.
[DEBUG][20-10-02 02:02:51][org.apache.ibatis.datasource.pooled.PooledDataSource]# PooledDataSource forcefully closed/removed all connections.
[DEBUG][20-10-02 02:02:51][org.apache.ibatis.datasource.pooled.PooledDataSource]# PooledDataSource forcefully closed/removed all connections.
[DEBUG][20-10-02 02:02:51][org.apache.ibatis.datasource.pooled.PooledDataSource]# PooledDataSource forcefully closed/removed all connections.
[DEBUG][20-10-02 02:02:51][org.apache.ibatis.transaction.jdbc.JdbcTransaction]# Opening JDBC Connection
[DEBUG][20-10-02 02:02:54][org.apache.ibatis.datasource.pooled.PooledDataSource]# Created connection 1509791656.
[DEBUG][20-10-02 02:02:54][org.apache.ibatis.transaction.jdbc.JdbcTransaction]# Setting autocommit to false on JDBC Connection [com.mysql.jdbc.JDBC4Connection@59fd97a8]
[DEBUG][20-10-02 02:02:54][com.by.dao.UserDao.selectUserPageByRowBounds]# ==>  Preparing: select * from user 
[DEBUG][20-10-02 02:02:54][com.by.dao.UserDao.selectUserPageByRowBounds]# ==> Parameters: 
[DEBUG][20-10-02 02:02:54][com.by.dao.UserDao.selectUserPageByRowBounds]# <==      Total: 8
[DEBUG][20-10-02 02:02:54][org.apache.ibatis.transaction.jdbc.JdbcTransaction]# Resetting autocommit to true on JDBC Connection [com.mysql.jdbc.JDBC4Connection@59fd97a8]
[DEBUG][20-10-02 02:02:54][org.apache.ibatis.transaction.jdbc.JdbcTransaction]# Closing JDBC Connection [com.mysql.jdbc.JDBC4Connection@59fd97a8]
[DEBUG][20-10-02 02:02:54][org.apache.ibatis.datasource.pooled.PooledDataSource]# Returned connection 1509791656 to pool.
[DEBUG][20-10-02 02:04:06][org.apache.ibatis.logging.LogFactory]# Logging initialized using 'class org.apache.ibatis.logging.log4j.Log4jImpl' adapter.
[DEBUG][20-10-02 02:04:06][org.apache.ibatis.logging.LogFactory]# Logging initialized using 'class org.apache.ibatis.logging.log4j.Log4jImpl' adapter.
[DEBUG][20-10-02 02:04:06][org.apache.ibatis.datasource.pooled.PooledDataSource]# PooledDataSource forcefully closed/removed all connections.
[DEBUG][20-10-02 02:04:06][org.apache.ibatis.datasource.pooled.PooledDataSource]# PooledDataSource forcefully closed/removed all connections.
[DEBUG][20-10-02 02:04:06][org.apache.ibatis.datasource.pooled.PooledDataSource]# PooledDataSource forcefully closed/removed all connections.
[DEBUG][20-10-02 02:04:06][org.apache.ibatis.datasource.pooled.PooledDataSource]# PooledDataSource forcefully closed/removed all connections.
[DEBUG][20-10-02 02:04:06][org.apache.ibatis.transaction.jdbc.JdbcTransaction]# Opening JDBC Connection
[DEBUG][20-10-02 02:04:10][org.apache.ibatis.datasource.pooled.PooledDataSource]# Created connection 1509791656.
[DEBUG][20-10-02 02:04:10][org.apache.ibatis.transaction.jdbc.JdbcTransaction]# Setting autocommit to false on JDBC Connection [com.mysql.jdbc.JDBC4Connection@59fd97a8]
[DEBUG][20-10-02 02:04:10][com.by.dao.UserDao.selectUserPageByRowBounds]# ==>  Preparing: select * from user 
[DEBUG][20-10-02 02:04:10][com.by.dao.UserDao.selectUserPageByRowBounds]# ==> Parameters: 
[DEBUG][20-10-02 02:04:10][org.apache.ibatis.transaction.jdbc.JdbcTransaction]# Resetting autocommit to true on JDBC Connection [com.mysql.jdbc.JDBC4Connection@59fd97a8]
[DEBUG][20-10-02 02:04:10][org.apache.ibatis.transaction.jdbc.JdbcTransaction]# Closing JDBC Connection [com.mysql.jdbc.JDBC4Connection@59fd97a8]
[DEBUG][20-10-02 02:04:10][org.apache.ibatis.datasource.pooled.PooledDataSource]# Returned connection 1509791656 to pool.
